[0.007s] Invoking command in '/home/kraiwich/FRA532_EXAM1_ws/build/robot_nav2': CMAKE_PREFIX_PATH=/opt/ros/humble /usr/bin/cmake /home/kraiwich/FRA532_EXAM1_ws/src/robot_nav2 -DCMAKE_INSTALL_PREFIX=/home/kraiwich/FRA532_EXAM1_ws/install/robot_nav2
[0.080s] -- The C compiler identification is GNU 11.4.0
[0.133s] -- The CXX compiler identification is GNU 11.4.0
[0.140s] -- Detecting C compiler ABI info
[0.202s] -- Detecting C compiler ABI info - done
[0.209s] -- Check for working C compiler: /usr/bin/cc - skipped
[0.211s] -- Detecting C compile features
[0.211s] -- Detecting C compile features - done
[0.214s] -- Detecting CXX compiler ABI info
[0.279s] -- Detecting CXX compiler ABI info - done
[0.285s] -- Check for working CXX compiler: /usr/bin/c++ - skipped
[0.285s] -- Detecting CXX compile features
[0.285s] -- Detecting CXX compile features - done
[0.289s] -- Found ament_cmake: 1.3.11 (/opt/ros/humble/share/ament_cmake/cmake)
[0.389s] -- Found Python3: /usr/bin/python3 (found version "3.10.12") found components: Interpreter 
[0.454s] -- Found rclcpp: 16.0.11 (/opt/ros/humble/share/rclcpp/cmake)
[0.485s] -- Found rosidl_generator_c: 3.1.6 (/opt/ros/humble/share/rosidl_generator_c/cmake)
[0.488s] -- Found rosidl_adapter: 3.1.6 (/opt/ros/humble/share/rosidl_adapter/cmake)
[0.494s] -- Found rosidl_generator_cpp: 3.1.6 (/opt/ros/humble/share/rosidl_generator_cpp/cmake)
[0.504s] -- Using all available rosidl_typesupport_c: rosidl_typesupport_fastrtps_c;rosidl_typesupport_introspection_c
[0.515s] -- Using all available rosidl_typesupport_cpp: rosidl_typesupport_fastrtps_cpp;rosidl_typesupport_introspection_cpp
[0.546s] -- Found rmw_implementation_cmake: 6.1.2 (/opt/ros/humble/share/rmw_implementation_cmake/cmake)
[0.548s] -- Found rmw_fastrtps_cpp: 6.2.7 (/opt/ros/humble/share/rmw_fastrtps_cpp/cmake)
[0.625s] -- Found OpenSSL: /usr/lib/x86_64-linux-gnu/libcrypto.so (found version "3.0.2")  
[0.647s] -- Found FastRTPS: /opt/ros/humble/include  
[0.674s] -- Using RMW implementation 'rmw_fastrtps_cpp' as default
[0.681s] -- Looking for pthread.h
[0.736s] -- Looking for pthread.h - found
[0.736s] -- Performing Test CMAKE_HAVE_LIBC_PTHREAD
[0.790s] -- Performing Test CMAKE_HAVE_LIBC_PTHREAD - Success
[0.791s] -- Found Threads: TRUE  
[0.829s] -- Found rclpy: 3.3.15 (/opt/ros/humble/share/rclpy/cmake)
[0.924s] -- Configuring done
[0.932s] -- Generating done
[0.935s] -- Build files have been written to: /home/kraiwich/FRA532_EXAM1_ws/build/robot_nav2
[0.941s] Invoked command in '/home/kraiwich/FRA532_EXAM1_ws/build/robot_nav2' returned '0': CMAKE_PREFIX_PATH=/opt/ros/humble /usr/bin/cmake /home/kraiwich/FRA532_EXAM1_ws/src/robot_nav2 -DCMAKE_INSTALL_PREFIX=/home/kraiwich/FRA532_EXAM1_ws/install/robot_nav2
[0.941s] Invoking command in '/home/kraiwich/FRA532_EXAM1_ws/build/robot_nav2': CMAKE_PREFIX_PATH=/opt/ros/humble /usr/bin/cmake --build /home/kraiwich/FRA532_EXAM1_ws/build/robot_nav2 -- -j16 -l16
[0.988s] [ 50%] [32mBuilding CXX object CMakeFiles/cpp_node_test.dir/src/cpp_node.cpp.o[0m
[0.994s] [ 50%] Built target ament_cmake_python_copy_robot_nav2
[1.166s] running egg_info
[1.166s] creating robot_nav2.egg-info
[1.166s] writing robot_nav2.egg-info/PKG-INFO
[1.166s] writing dependency_links to robot_nav2.egg-info/dependency_links.txt
[1.166s] writing top-level names to robot_nav2.egg-info/top_level.txt
[1.166s] writing manifest file 'robot_nav2.egg-info/SOURCES.txt'
[1.168s] reading manifest file 'robot_nav2.egg-info/SOURCES.txt'
[1.168s] writing manifest file 'robot_nav2.egg-info/SOURCES.txt'
[1.180s] [100%] [32m[1mLinking CXX executable cpp_node_test[0m
[1.188s] [100%] Built target ament_cmake_python_build_robot_nav2_egg
[1.259s] [100%] Built target cpp_node_test
[1.268s] Invoked command in '/home/kraiwich/FRA532_EXAM1_ws/build/robot_nav2' returned '0': CMAKE_PREFIX_PATH=/opt/ros/humble /usr/bin/cmake --build /home/kraiwich/FRA532_EXAM1_ws/build/robot_nav2 -- -j16 -l16
[1.274s] Invoking command in '/home/kraiwich/FRA532_EXAM1_ws/build/robot_nav2': CMAKE_PREFIX_PATH=/opt/ros/humble /usr/bin/cmake --install /home/kraiwich/FRA532_EXAM1_ws/build/robot_nav2
[1.281s] -- Install configuration: ""
[1.281s] -- Installing: /home/kraiwich/FRA532_EXAM1_ws/install/robot_nav2/share/robot_nav2/environment/pythonpath.sh
[1.281s] -- Installing: /home/kraiwich/FRA532_EXAM1_ws/install/robot_nav2/share/robot_nav2/environment/pythonpath.dsv
[1.281s] -- Installing: /home/kraiwich/FRA532_EXAM1_ws/install/robot_nav2/local/lib/python3.10/dist-packages/robot_nav2-0.0.0-py3.10.egg-info
[1.281s] -- Installing: /home/kraiwich/FRA532_EXAM1_ws/install/robot_nav2/local/lib/python3.10/dist-packages/robot_nav2-0.0.0-py3.10.egg-info/dependency_links.txt
[1.281s] -- Installing: /home/kraiwich/FRA532_EXAM1_ws/install/robot_nav2/local/lib/python3.10/dist-packages/robot_nav2-0.0.0-py3.10.egg-info/top_level.txt
[1.281s] -- Installing: /home/kraiwich/FRA532_EXAM1_ws/install/robot_nav2/local/lib/python3.10/dist-packages/robot_nav2-0.0.0-py3.10.egg-info/PKG-INFO
[1.281s] -- Installing: /home/kraiwich/FRA532_EXAM1_ws/install/robot_nav2/local/lib/python3.10/dist-packages/robot_nav2-0.0.0-py3.10.egg-info/SOURCES.txt
[1.282s] -- Installing: /home/kraiwich/FRA532_EXAM1_ws/install/robot_nav2/local/lib/python3.10/dist-packages/robot_nav2
[1.282s] -- Installing: /home/kraiwich/FRA532_EXAM1_ws/install/robot_nav2/local/lib/python3.10/dist-packages/robot_nav2/__init__.py
[1.282s] -- Installing: /home/kraiwich/FRA532_EXAM1_ws/install/robot_nav2/local/lib/python3.10/dist-packages/robot_nav2/dummy_module.py
[1.303s] Listing '/home/kraiwich/FRA532_EXAM1_ws/install/robot_nav2/local/lib/python3.10/dist-packages/robot_nav2'...
[1.303s] Compiling '/home/kraiwich/FRA532_EXAM1_ws/install/robot_nav2/local/lib/python3.10/dist-packages/robot_nav2/__init__.py'...
[1.304s] Compiling '/home/kraiwich/FRA532_EXAM1_ws/install/robot_nav2/local/lib/python3.10/dist-packages/robot_nav2/dummy_module.py'...
[1.307s] -- Installing: /home/kraiwich/FRA532_EXAM1_ws/install/robot_nav2/lib/robot_nav2/dummy_script.py
[1.307s] -- Installing: /home/kraiwich/FRA532_EXAM1_ws/install/robot_nav2/lib/robot_nav2/cpp_node_test
[1.307s] -- Set runtime path of "/home/kraiwich/FRA532_EXAM1_ws/install/robot_nav2/lib/robot_nav2/cpp_node_test" to ""
[1.307s] -- Up-to-date: /home/kraiwich/FRA532_EXAM1_ws/install/robot_nav2/share/robot_nav2
[1.307s] -- Installing: /home/kraiwich/FRA532_EXAM1_ws/install/robot_nav2/share/ament_index/resource_index/package_run_dependencies/robot_nav2
[1.307s] -- Installing: /home/kraiwich/FRA532_EXAM1_ws/install/robot_nav2/share/ament_index/resource_index/parent_prefix_path/robot_nav2
[1.307s] -- Installing: /home/kraiwich/FRA532_EXAM1_ws/install/robot_nav2/share/robot_nav2/environment/ament_prefix_path.sh
[1.308s] -- Installing: /home/kraiwich/FRA532_EXAM1_ws/install/robot_nav2/share/robot_nav2/environment/ament_prefix_path.dsv
[1.308s] -- Installing: /home/kraiwich/FRA532_EXAM1_ws/install/robot_nav2/share/robot_nav2/environment/path.sh
[1.308s] -- Installing: /home/kraiwich/FRA532_EXAM1_ws/install/robot_nav2/share/robot_nav2/environment/path.dsv
[1.308s] -- Installing: /home/kraiwich/FRA532_EXAM1_ws/install/robot_nav2/share/robot_nav2/local_setup.bash
[1.308s] -- Installing: /home/kraiwich/FRA532_EXAM1_ws/install/robot_nav2/share/robot_nav2/local_setup.sh
[1.308s] -- Installing: /home/kraiwich/FRA532_EXAM1_ws/install/robot_nav2/share/robot_nav2/local_setup.zsh
[1.308s] -- Installing: /home/kraiwich/FRA532_EXAM1_ws/install/robot_nav2/share/robot_nav2/local_setup.dsv
[1.308s] -- Installing: /home/kraiwich/FRA532_EXAM1_ws/install/robot_nav2/share/robot_nav2/package.dsv
[1.308s] -- Installing: /home/kraiwich/FRA532_EXAM1_ws/install/robot_nav2/share/ament_index/resource_index/packages/robot_nav2
[1.308s] -- Installing: /home/kraiwich/FRA532_EXAM1_ws/install/robot_nav2/share/robot_nav2/cmake/robot_nav2Config.cmake
[1.308s] -- Installing: /home/kraiwich/FRA532_EXAM1_ws/install/robot_nav2/share/robot_nav2/cmake/robot_nav2Config-version.cmake
[1.308s] -- Installing: /home/kraiwich/FRA532_EXAM1_ws/install/robot_nav2/share/robot_nav2/package.xml
[1.309s] Invoked command in '/home/kraiwich/FRA532_EXAM1_ws/build/robot_nav2' returned '0': CMAKE_PREFIX_PATH=/opt/ros/humble /usr/bin/cmake --install /home/kraiwich/FRA532_EXAM1_ws/build/robot_nav2
